<?xml version="1.0" encoding="UTF-8"?>
<testsuite xmlns:xsi="http://www.w3.org/2001/XMLSchema-instance" xsi:noNamespaceSchemaLocation="https://maven.apache.org/surefire/maven-surefire-plugin/xsd/surefire-test-report.xsd" name="Smartbear order placing feature" time="431.712" tests="8" errors="2" skipped="0" failures="0">
  <properties>
    <property name="awt.toolkit" value="sun.lwawt.macosx.LWCToolkit"/>
    <property name="java.specification.version" value="12"/>
    <property name="webdriver.chrome.driver" value="/Users/Gulzhaina/.m2/repository/webdriver/chromedriver/mac64/80.0.3987.106/chromedriver"/>
    <property name="sun.jnu.encoding" value="UTF-8"/>
    <property name="java.class.path" value="/Users/Gulzhaina/IdeaProject/CucumberJunitFramework/target/test-classes:/Users/Gulzhaina/IdeaProject/CucumberJunitFramework/target/classes:/Users/Gulzhaina/.m2/repository/org/seleniumhq/selenium/selenium-java/3.141.59/selenium-java-3.141.59.jar:/Users/Gulzhaina/.m2/repository/org/seleniumhq/selenium/selenium-api/3.141.59/selenium-api-3.141.59.jar:/Users/Gulzhaina/.m2/repository/org/seleniumhq/selenium/selenium-chrome-driver/3.141.59/selenium-chrome-driver-3.141.59.jar:/Users/Gulzhaina/.m2/repository/org/seleniumhq/selenium/selenium-edge-driver/3.141.59/selenium-edge-driver-3.141.59.jar:/Users/Gulzhaina/.m2/repository/org/seleniumhq/selenium/selenium-firefox-driver/3.141.59/selenium-firefox-driver-3.141.59.jar:/Users/Gulzhaina/.m2/repository/org/seleniumhq/selenium/selenium-ie-driver/3.141.59/selenium-ie-driver-3.141.59.jar:/Users/Gulzhaina/.m2/repository/org/seleniumhq/selenium/selenium-opera-driver/3.141.59/selenium-opera-driver-3.141.59.jar:/Users/Gulzhaina/.m2/repository/org/seleniumhq/selenium/selenium-remote-driver/3.141.59/selenium-remote-driver-3.141.59.jar:/Users/Gulzhaina/.m2/repository/org/seleniumhq/selenium/selenium-safari-driver/3.141.59/selenium-safari-driver-3.141.59.jar:/Users/Gulzhaina/.m2/repository/org/seleniumhq/selenium/selenium-support/3.141.59/selenium-support-3.141.59.jar:/Users/Gulzhaina/.m2/repository/net/bytebuddy/byte-buddy/1.8.15/byte-buddy-1.8.15.jar:/Users/Gulzhaina/.m2/repository/org/apache/commons/commons-exec/1.3/commons-exec-1.3.jar:/Users/Gulzhaina/.m2/repository/com/google/guava/guava/25.0-jre/guava-25.0-jre.jar:/Users/Gulzhaina/.m2/repository/com/google/code/findbugs/jsr305/1.3.9/jsr305-1.3.9.jar:/Users/Gulzhaina/.m2/repository/org/checkerframework/checker-compat-qual/2.0.0/checker-compat-qual-2.0.0.jar:/Users/Gulzhaina/.m2/repository/com/google/errorprone/error_prone_annotations/2.1.3/error_prone_annotations-2.1.3.jar:/Users/Gulzhaina/.m2/repository/com/google/j2objc/j2objc-annotations/1.1/j2objc-annotations-1.1.jar:/Users/Gulzhaina/.m2/repository/org/codehaus/mojo/animal-sniffer-annotations/1.14/animal-sniffer-annotations-1.14.jar:/Users/Gulzhaina/.m2/repository/com/squareup/okhttp3/okhttp/3.11.0/okhttp-3.11.0.jar:/Users/Gulzhaina/.m2/repository/com/squareup/okio/okio/1.14.0/okio-1.14.0.jar:/Users/Gulzhaina/.m2/repository/io/github/bonigarcia/webdrivermanager/3.8.0/webdrivermanager-3.8.0.jar:/Users/Gulzhaina/.m2/repository/org/slf4j/slf4j-api/1.7.25/slf4j-api-1.7.25.jar:/Users/Gulzhaina/.m2/repository/commons-io/commons-io/2.6/commons-io-2.6.jar:/Users/Gulzhaina/.m2/repository/com/google/code/gson/gson/2.8.5/gson-2.8.5.jar:/Users/Gulzhaina/.m2/repository/org/apache/commons/commons-lang3/3.8.1/commons-lang3-3.8.1.jar:/Users/Gulzhaina/.m2/repository/org/apache/httpcomponents/httpclient/4.5.6/httpclient-4.5.6.jar:/Users/Gulzhaina/.m2/repository/org/apache/httpcomponents/httpcore/4.4.10/httpcore-4.4.10.jar:/Users/Gulzhaina/.m2/repository/commons-logging/commons-logging/1.2/commons-logging-1.2.jar:/Users/Gulzhaina/.m2/repository/commons-codec/commons-codec/1.10/commons-codec-1.10.jar:/Users/Gulzhaina/.m2/repository/org/rauschig/jarchivelib/1.0.0/jarchivelib-1.0.0.jar:/Users/Gulzhaina/.m2/repository/org/jsoup/jsoup/1.11.3/jsoup-1.11.3.jar:/Users/Gulzhaina/.m2/repository/com/github/javafaker/javafaker/1.0.1/javafaker-1.0.1.jar:/Users/Gulzhaina/.m2/repository/org/yaml/snakeyaml/1.23/snakeyaml-1.23-android.jar:/Users/Gulzhaina/.m2/repository/com/github/mifmif/generex/1.0.2/generex-1.0.2.jar:/Users/Gulzhaina/.m2/repository/dk/brics/automaton/automaton/1.11-8/automaton-1.11-8.jar:/Users/Gulzhaina/.m2/repository/io/cucumber/cucumber-java/4.2.0/cucumber-java-4.2.0.jar:/Users/Gulzhaina/.m2/repository/io/cucumber/cucumber-core/4.2.0/cucumber-core-4.2.0.jar:/Users/Gulzhaina/.m2/repository/io/cucumber/cucumber-html/0.2.7/cucumber-html-0.2.7.jar:/Users/Gulzhaina/.m2/repository/io/cucumber/gherkin/5.1.0/gherkin-5.1.0.jar:/Users/Gulzhaina/.m2/repository/io/cucumber/tag-expressions/1.1.1/tag-expressions-1.1.1.jar:/Users/Gulzhaina/.m2/repository/io/cucumber/cucumber-expressions/6.2.0/cucumber-expressions-6.2.0.jar:/Users/Gulzhaina/.m2/repository/io/cucumber/datatable/1.1.7/datatable-1.1.7.jar:/Users/Gulzhaina/.m2/repository/io/cucumber/datatable-dependencies/1.1.7/datatable-dependencies-1.1.7.jar:/Users/Gulzhaina/.m2/repository/io/cucumber/cucumber-junit/4.2.0/cucumber-junit-4.2.0.jar:/Users/Gulzhaina/.m2/repository/junit/junit/4.12/junit-4.12.jar:/Users/Gulzhaina/.m2/repository/org/apache/poi/poi-ooxml/4.1.2/poi-ooxml-4.1.2.jar:/Users/Gulzhaina/.m2/repository/org/apache/poi/poi/4.1.2/poi-4.1.2.jar:/Users/Gulzhaina/.m2/repository/org/apache/commons/commons-collections4/4.4/commons-collections4-4.4.jar:/Users/Gulzhaina/.m2/repository/org/apache/commons/commons-math3/3.6.1/commons-math3-3.6.1.jar:/Users/Gulzhaina/.m2/repository/com/zaxxer/SparseBitSet/1.2/SparseBitSet-1.2.jar:/Users/Gulzhaina/.m2/repository/org/apache/poi/poi-ooxml-schemas/4.1.2/poi-ooxml-schemas-4.1.2.jar:/Users/Gulzhaina/.m2/repository/org/apache/xmlbeans/xmlbeans/3.1.0/xmlbeans-3.1.0.jar:/Users/Gulzhaina/.m2/repository/org/apache/commons/commons-compress/1.19/commons-compress-1.19.jar:/Users/Gulzhaina/.m2/repository/com/github/virtuald/curvesapi/1.06/curvesapi-1.06.jar:/Users/Gulzhaina/.m2/repository/oracle/ojdbc6/11.2.0.3/ojdbc6-11.2.0.3.jar:/Users/Gulzhaina/.m2/repository/io/rest-assured/rest-assured/3.2.0/rest-assured-3.2.0.jar:/Users/Gulzhaina/.m2/repository/org/codehaus/groovy/groovy/2.4.15/groovy-2.4.15.jar:/Users/Gulzhaina/.m2/repository/org/codehaus/groovy/groovy-xml/2.4.15/groovy-xml-2.4.15.jar:/Users/Gulzhaina/.m2/repository/org/apache/httpcomponents/httpmime/4.5.1/httpmime-4.5.1.jar:/Users/Gulzhaina/.m2/repository/org/hamcrest/hamcrest-core/1.3/hamcrest-core-1.3.jar:/Users/Gulzhaina/.m2/repository/org/hamcrest/hamcrest-library/1.3/hamcrest-library-1.3.jar:/Users/Gulzhaina/.m2/repository/org/ccil/cowan/tagsoup/tagsoup/1.2.1/tagsoup-1.2.1.jar:/Users/Gulzhaina/.m2/repository/io/rest-assured/json-path/3.2.0/json-path-3.2.0.jar:/Users/Gulzhaina/.m2/repository/org/codehaus/groovy/groovy-json/2.4.15/groovy-json-2.4.15.jar:/Users/Gulzhaina/.m2/repository/io/rest-assured/rest-assured-common/3.2.0/rest-assured-common-3.2.0.jar:/Users/Gulzhaina/.m2/repository/io/rest-assured/xml-path/3.2.0/xml-path-3.2.0.jar:/Users/Gulzhaina/.m2/repository/javax/xml/bind/jaxb-api/2.2.12/jaxb-api-2.2.12.jar:/Users/Gulzhaina/.m2/repository/com/sun/xml/bind/jaxb-osgi/2.2.10/jaxb-osgi-2.2.10.jar:/Users/Gulzhaina/.m2/repository/org/apache/sling/org.apache.sling.javax.activation/0.1.0/org.apache.sling.javax.activation-0.1.0.jar:/Users/Gulzhaina/.m2/repository/javax/activation/activation/1.1.1/activation-1.1.1.jar:/Users/Gulzhaina/.m2/repository/com/fasterxml/jackson/core/jackson-databind/2.9.8/jackson-databind-2.9.8.jar:/Users/Gulzhaina/.m2/repository/com/fasterxml/jackson/core/jackson-annotations/2.9.0/jackson-annotations-2.9.0.jar:/Users/Gulzhaina/.m2/repository/com/fasterxml/jackson/core/jackson-core/2.9.8/jackson-core-2.9.8.jar:/Users/Gulzhaina/.m2/repository/org/apache/logging/log4j/log4j-core/2.12.1/log4j-core-2.12.1.jar:/Users/Gulzhaina/.m2/repository/org/apache/logging/log4j/log4j-api/2.12.1/log4j-api-2.12.1.jar:/Users/Gulzhaina/.m2/repository/com/aventstack/extentreports/4.0.9/extentreports-4.0.9.jar:/Users/Gulzhaina/.m2/repository/org/freemarker/freemarker/2.3.23/freemarker-2.3.23.jar:/Users/Gulzhaina/.m2/repository/org/mongodb/mongodb-driver/3.3.0/mongodb-driver-3.3.0.jar:/Users/Gulzhaina/.m2/repository/org/mongodb/mongodb-driver-core/3.3.0/mongodb-driver-core-3.3.0.jar:/Users/Gulzhaina/.m2/repository/org/mongodb/bson/3.3.0/bson-3.3.0.jar:/Users/Gulzhaina/.m2/repository/org/projectlombok/lombok/1.18.10/lombok-1.18.10.jar:"/>
    <property name="java.vm.vendor" value="Oracle Corporation"/>
    <property name="sun.arch.data.model" value="64"/>
    <property name="java.vendor.url" value="https://java.oracle.com/"/>
    <property name="user.timezone" value="America/Chicago"/>
    <property name="os.name" value="Mac OS X"/>
    <property name="java.vm.specification.version" value="12"/>
    <property name="org.apache.logging.log4j.assignedSequences" value="5261"/>
    <property name="sun.java.launcher" value="SUN_STANDARD"/>
    <property name="user.country" value="US"/>
    <property name="sun.boot.library.path" value="/Library/Java/JavaVirtualMachines/jdk-12.0.2.jdk/Contents/Home/lib"/>
    <property name="sun.java.command" value="/Users/Gulzhaina/IdeaProject/CucumberJunitFramework/target/surefire/surefirebooter12138888747494185091.jar /Users/Gulzhaina/IdeaProject/CucumberJunitFramework/target/surefire 2020-03-07T14-01-57_809-jvmRun3 surefire6243546652524211304tmp surefire_015405638213469417290tmp"/>
    <property name="http.nonProxyHosts" value="local|*.local|169.254/16|*.169.254/16"/>
    <property name="jdk.debug" value="release"/>
    <property name="surefire.test.class.path" value="/Users/Gulzhaina/IdeaProject/CucumberJunitFramework/target/test-classes:/Users/Gulzhaina/IdeaProject/CucumberJunitFramework/target/classes:/Users/Gulzhaina/.m2/repository/org/seleniumhq/selenium/selenium-java/3.141.59/selenium-java-3.141.59.jar:/Users/Gulzhaina/.m2/repository/org/seleniumhq/selenium/selenium-api/3.141.59/selenium-api-3.141.59.jar:/Users/Gulzhaina/.m2/repository/org/seleniumhq/selenium/selenium-chrome-driver/3.141.59/selenium-chrome-driver-3.141.59.jar:/Users/Gulzhaina/.m2/repository/org/seleniumhq/selenium/selenium-edge-driver/3.141.59/selenium-edge-driver-3.141.59.jar:/Users/Gulzhaina/.m2/repository/org/seleniumhq/selenium/selenium-firefox-driver/3.141.59/selenium-firefox-driver-3.141.59.jar:/Users/Gulzhaina/.m2/repository/org/seleniumhq/selenium/selenium-ie-driver/3.141.59/selenium-ie-driver-3.141.59.jar:/Users/Gulzhaina/.m2/repository/org/seleniumhq/selenium/selenium-opera-driver/3.141.59/selenium-opera-driver-3.141.59.jar:/Users/Gulzhaina/.m2/repository/org/seleniumhq/selenium/selenium-remote-driver/3.141.59/selenium-remote-driver-3.141.59.jar:/Users/Gulzhaina/.m2/repository/org/seleniumhq/selenium/selenium-safari-driver/3.141.59/selenium-safari-driver-3.141.59.jar:/Users/Gulzhaina/.m2/repository/org/seleniumhq/selenium/selenium-support/3.141.59/selenium-support-3.141.59.jar:/Users/Gulzhaina/.m2/repository/net/bytebuddy/byte-buddy/1.8.15/byte-buddy-1.8.15.jar:/Users/Gulzhaina/.m2/repository/org/apache/commons/commons-exec/1.3/commons-exec-1.3.jar:/Users/Gulzhaina/.m2/repository/com/google/guava/guava/25.0-jre/guava-25.0-jre.jar:/Users/Gulzhaina/.m2/repository/com/google/code/findbugs/jsr305/1.3.9/jsr305-1.3.9.jar:/Users/Gulzhaina/.m2/repository/org/checkerframework/checker-compat-qual/2.0.0/checker-compat-qual-2.0.0.jar:/Users/Gulzhaina/.m2/repository/com/google/errorprone/error_prone_annotations/2.1.3/error_prone_annotations-2.1.3.jar:/Users/Gulzhaina/.m2/repository/com/google/j2objc/j2objc-annotations/1.1/j2objc-annotations-1.1.jar:/Users/Gulzhaina/.m2/repository/org/codehaus/mojo/animal-sniffer-annotations/1.14/animal-sniffer-annotations-1.14.jar:/Users/Gulzhaina/.m2/repository/com/squareup/okhttp3/okhttp/3.11.0/okhttp-3.11.0.jar:/Users/Gulzhaina/.m2/repository/com/squareup/okio/okio/1.14.0/okio-1.14.0.jar:/Users/Gulzhaina/.m2/repository/io/github/bonigarcia/webdrivermanager/3.8.0/webdrivermanager-3.8.0.jar:/Users/Gulzhaina/.m2/repository/org/slf4j/slf4j-api/1.7.25/slf4j-api-1.7.25.jar:/Users/Gulzhaina/.m2/repository/commons-io/commons-io/2.6/commons-io-2.6.jar:/Users/Gulzhaina/.m2/repository/com/google/code/gson/gson/2.8.5/gson-2.8.5.jar:/Users/Gulzhaina/.m2/repository/org/apache/commons/commons-lang3/3.8.1/commons-lang3-3.8.1.jar:/Users/Gulzhaina/.m2/repository/org/apache/httpcomponents/httpclient/4.5.6/httpclient-4.5.6.jar:/Users/Gulzhaina/.m2/repository/org/apache/httpcomponents/httpcore/4.4.10/httpcore-4.4.10.jar:/Users/Gulzhaina/.m2/repository/commons-logging/commons-logging/1.2/commons-logging-1.2.jar:/Users/Gulzhaina/.m2/repository/commons-codec/commons-codec/1.10/commons-codec-1.10.jar:/Users/Gulzhaina/.m2/repository/org/rauschig/jarchivelib/1.0.0/jarchivelib-1.0.0.jar:/Users/Gulzhaina/.m2/repository/org/jsoup/jsoup/1.11.3/jsoup-1.11.3.jar:/Users/Gulzhaina/.m2/repository/com/github/javafaker/javafaker/1.0.1/javafaker-1.0.1.jar:/Users/Gulzhaina/.m2/repository/org/yaml/snakeyaml/1.23/snakeyaml-1.23-android.jar:/Users/Gulzhaina/.m2/repository/com/github/mifmif/generex/1.0.2/generex-1.0.2.jar:/Users/Gulzhaina/.m2/repository/dk/brics/automaton/automaton/1.11-8/automaton-1.11-8.jar:/Users/Gulzhaina/.m2/repository/io/cucumber/cucumber-java/4.2.0/cucumber-java-4.2.0.jar:/Users/Gulzhaina/.m2/repository/io/cucumber/cucumber-core/4.2.0/cucumber-core-4.2.0.jar:/Users/Gulzhaina/.m2/repository/io/cucumber/cucumber-html/0.2.7/cucumber-html-0.2.7.jar:/Users/Gulzhaina/.m2/repository/io/cucumber/gherkin/5.1.0/gherkin-5.1.0.jar:/Users/Gulzhaina/.m2/repository/io/cucumber/tag-expressions/1.1.1/tag-expressions-1.1.1.jar:/Users/Gulzhaina/.m2/repository/io/cucumber/cucumber-expressions/6.2.0/cucumber-expressions-6.2.0.jar:/Users/Gulzhaina/.m2/repository/io/cucumber/datatable/1.1.7/datatable-1.1.7.jar:/Users/Gulzhaina/.m2/repository/io/cucumber/datatable-dependencies/1.1.7/datatable-dependencies-1.1.7.jar:/Users/Gulzhaina/.m2/repository/io/cucumber/cucumber-junit/4.2.0/cucumber-junit-4.2.0.jar:/Users/Gulzhaina/.m2/repository/junit/junit/4.12/junit-4.12.jar:/Users/Gulzhaina/.m2/repository/org/apache/poi/poi-ooxml/4.1.2/poi-ooxml-4.1.2.jar:/Users/Gulzhaina/.m2/repository/org/apache/poi/poi/4.1.2/poi-4.1.2.jar:/Users/Gulzhaina/.m2/repository/org/apache/commons/commons-collections4/4.4/commons-collections4-4.4.jar:/Users/Gulzhaina/.m2/repository/org/apache/commons/commons-math3/3.6.1/commons-math3-3.6.1.jar:/Users/Gulzhaina/.m2/repository/com/zaxxer/SparseBitSet/1.2/SparseBitSet-1.2.jar:/Users/Gulzhaina/.m2/repository/org/apache/poi/poi-ooxml-schemas/4.1.2/poi-ooxml-schemas-4.1.2.jar:/Users/Gulzhaina/.m2/repository/org/apache/xmlbeans/xmlbeans/3.1.0/xmlbeans-3.1.0.jar:/Users/Gulzhaina/.m2/repository/org/apache/commons/commons-compress/1.19/commons-compress-1.19.jar:/Users/Gulzhaina/.m2/repository/com/github/virtuald/curvesapi/1.06/curvesapi-1.06.jar:/Users/Gulzhaina/.m2/repository/oracle/ojdbc6/11.2.0.3/ojdbc6-11.2.0.3.jar:/Users/Gulzhaina/.m2/repository/io/rest-assured/rest-assured/3.2.0/rest-assured-3.2.0.jar:/Users/Gulzhaina/.m2/repository/org/codehaus/groovy/groovy/2.4.15/groovy-2.4.15.jar:/Users/Gulzhaina/.m2/repository/org/codehaus/groovy/groovy-xml/2.4.15/groovy-xml-2.4.15.jar:/Users/Gulzhaina/.m2/repository/org/apache/httpcomponents/httpmime/4.5.1/httpmime-4.5.1.jar:/Users/Gulzhaina/.m2/repository/org/hamcrest/hamcrest-core/1.3/hamcrest-core-1.3.jar:/Users/Gulzhaina/.m2/repository/org/hamcrest/hamcrest-library/1.3/hamcrest-library-1.3.jar:/Users/Gulzhaina/.m2/repository/org/ccil/cowan/tagsoup/tagsoup/1.2.1/tagsoup-1.2.1.jar:/Users/Gulzhaina/.m2/repository/io/rest-assured/json-path/3.2.0/json-path-3.2.0.jar:/Users/Gulzhaina/.m2/repository/org/codehaus/groovy/groovy-json/2.4.15/groovy-json-2.4.15.jar:/Users/Gulzhaina/.m2/repository/io/rest-assured/rest-assured-common/3.2.0/rest-assured-common-3.2.0.jar:/Users/Gulzhaina/.m2/repository/io/rest-assured/xml-path/3.2.0/xml-path-3.2.0.jar:/Users/Gulzhaina/.m2/repository/javax/xml/bind/jaxb-api/2.2.12/jaxb-api-2.2.12.jar:/Users/Gulzhaina/.m2/repository/com/sun/xml/bind/jaxb-osgi/2.2.10/jaxb-osgi-2.2.10.jar:/Users/Gulzhaina/.m2/repository/org/apache/sling/org.apache.sling.javax.activation/0.1.0/org.apache.sling.javax.activation-0.1.0.jar:/Users/Gulzhaina/.m2/repository/javax/activation/activation/1.1.1/activation-1.1.1.jar:/Users/Gulzhaina/.m2/repository/com/fasterxml/jackson/core/jackson-databind/2.9.8/jackson-databind-2.9.8.jar:/Users/Gulzhaina/.m2/repository/com/fasterxml/jackson/core/jackson-annotations/2.9.0/jackson-annotations-2.9.0.jar:/Users/Gulzhaina/.m2/repository/com/fasterxml/jackson/core/jackson-core/2.9.8/jackson-core-2.9.8.jar:/Users/Gulzhaina/.m2/repository/org/apache/logging/log4j/log4j-core/2.12.1/log4j-core-2.12.1.jar:/Users/Gulzhaina/.m2/repository/org/apache/logging/log4j/log4j-api/2.12.1/log4j-api-2.12.1.jar:/Users/Gulzhaina/.m2/repository/com/aventstack/extentreports/4.0.9/extentreports-4.0.9.jar:/Users/Gulzhaina/.m2/repository/org/freemarker/freemarker/2.3.23/freemarker-2.3.23.jar:/Users/Gulzhaina/.m2/repository/org/mongodb/mongodb-driver/3.3.0/mongodb-driver-3.3.0.jar:/Users/Gulzhaina/.m2/repository/org/mongodb/mongodb-driver-core/3.3.0/mongodb-driver-core-3.3.0.jar:/Users/Gulzhaina/.m2/repository/org/mongodb/bson/3.3.0/bson-3.3.0.jar:/Users/Gulzhaina/.m2/repository/org/projectlombok/lombok/1.18.10/lombok-1.18.10.jar:"/>
    <property name="sun.cpu.endian" value="little"/>
    <property name="user.home" value="/Users/Gulzhaina"/>
    <property name="user.language" value="en"/>
    <property name="java.specification.vendor" value="Oracle Corporation"/>
    <property name="java.version.date" value="2019-07-16"/>
    <property name="java.home" value="/Library/Java/JavaVirtualMachines/jdk-12.0.2.jdk/Contents/Home"/>
    <property name="file.separator" value="/"/>
    <property name="basedir" value="/Users/Gulzhaina/IdeaProject/CucumberJunitFramework"/>
    <property name="java.vm.compressedOopsMode" value="Zero based"/>
    <property name="line.separator" value="&#10;"/>
    <property name="java.specification.name" value="Java Platform API Specification"/>
    <property name="java.vm.specification.vendor" value="Oracle Corporation"/>
    <property name="java.awt.graphicsenv" value="sun.awt.CGraphicsEnvironment"/>
    <property name="surefire.real.class.path" value="/Users/Gulzhaina/IdeaProject/CucumberJunitFramework/target/surefire/surefirebooter12138888747494185091.jar"/>
    <property name="sun.management.compiler" value="HotSpot 64-Bit Tiered Compilers"/>
    <property name="ftp.nonProxyHosts" value="local|*.local|169.254/16|*.169.254/16"/>
    <property name="java.runtime.version" value="12.0.2+10"/>
    <property name="user.name" value="Gulzhaina"/>
    <property name="path.separator" value=":"/>
    <property name="os.version" value="10.15.1"/>
    <property name="java.runtime.name" value="Java(TM) SE Runtime Environment"/>
    <property name="file.encoding" value="UTF-8"/>
    <property name="java.vm.name" value="Java HotSpot(TM) 64-Bit Server VM"/>
    <property name="localRepository" value="/Users/Gulzhaina/.m2/repository"/>
    <property name="java.vendor.url.bug" value="https://bugreport.java.com/bugreport/"/>
    <property name="java.io.tmpdir" value="/var/folders/_k/f35cd2b56zldg_08tgvybg340000gn/T/"/>
    <property name="java.version" value="12.0.2"/>
    <property name="user.dir" value="/Users/Gulzhaina/IdeaProject/CucumberJunitFramework"/>
    <property name="os.arch" value="x86_64"/>
    <property name="java.vm.specification.name" value="Java Virtual Machine Specification"/>
    <property name="java.library.path" value="/Users/Gulzhaina/Library/Java/Extensions:/Library/Java/Extensions:/Network/Library/Java/Extensions:/System/Library/Java/Extensions:/usr/lib/java:."/>
    <property name="java.vm.info" value="mixed mode, sharing"/>
    <property name="java.vendor" value="Oracle Corporation"/>
    <property name="java.vm.version" value="12.0.2+10"/>
    <property name="sun.io.unicode.encoding" value="UnicodeBig"/>
    <property name="socksNonProxyHosts" value="local|*.local|169.254/16|*.169.254/16"/>
    <property name="java.class.version" value="56.0"/>
  </properties>
  <testcase name="SmartBear order process" classname="Smartbear order placing feature" time="314.339">
    <error message="timeout: Timed out receiving message from renderer: -0.009&#10;  (Session info: chrome=80.0.3987.132)&#10;Build info: version: &apos;3.141.59&apos;, revision: &apos;e82be7d358&apos;, time: &apos;2018-11-14T08:17:03&apos;&#10;System info: host: &apos;Akylbeks-MacBook-Pro.local&apos;, ip: &apos;192.168.1.131&apos;, os.name: &apos;Mac OS X&apos;, os.arch: &apos;x86_64&apos;, os.version: &apos;10.15.1&apos;, java.version: &apos;12.0.2&apos;&#10;Driver info: org.openqa.selenium.chrome.ChromeDriver&#10;Capabilities {acceptInsecureCerts: false, browserName: chrome, browserVersion: 80.0.3987.132, chrome: {chromedriverVersion: 80.0.3987.106 (f68069574609..., userDataDir: /var/folders/_k/f35cd2b56zl...}, goog:chromeOptions: {debuggerAddress: localhost:61115}, javascriptEnabled: true, networkConnectionEnabled: false, pageLoadStrategy: normal, platform: MAC, platformName: MAC, proxy: Proxy(), setWindowRect: true, strictFileInteractability: false, timeouts: {implicit: 0, pageLoad: 300000, script: 30000}, unhandledPromptBehavior: dismiss and notify}&#10;Session ID: f3859b0a53bd7d27d0622bfeb0653140" type="org.openqa.selenium.TimeoutException">org.openqa.selenium.TimeoutException: 
timeout: Timed out receiving message from renderer: -0.009
  (Session info: chrome=80.0.3987.132)
Build info: version: '3.141.59', revision: 'e82be7d358', time: '2018-11-14T08:17:03'
System info: host: 'Akylbeks-MacBook-Pro.local', ip: '192.168.1.131', os.name: 'Mac OS X', os.arch: 'x86_64', os.version: '10.15.1', java.version: '12.0.2'
Driver info: org.openqa.selenium.chrome.ChromeDriver
Capabilities {acceptInsecureCerts: false, browserName: chrome, browserVersion: 80.0.3987.132, chrome: {chromedriverVersion: 80.0.3987.106 (f68069574609..., userDataDir: /var/folders/_k/f35cd2b56zl...}, goog:chromeOptions: {debuggerAddress: localhost:61115}, javascriptEnabled: true, networkConnectionEnabled: false, pageLoadStrategy: normal, platform: MAC, platformName: MAC, proxy: Proxy(), setWindowRect: true, strictFileInteractability: false, timeouts: {implicit: 0, pageLoad: 300000, script: 30000}, unhandledPromptBehavior: dismiss and notify}
Session ID: f3859b0a53bd7d27d0622bfeb0653140
</error>
    <system-out><![CDATA[
&amp#27;[31mFailed scenarios:&amp#27;[0m
&amp#27;[31msrc/test/resources/features/SmartbearFeatures/orderProcess.feature:22 &amp#27;[0m# SmartBear order process
&amp#27;[31msrc/test/resources/features/SmartbearFeatures/orderProcess.feature:23 &amp#27;[0m# SmartBear order process

10 Scenarios (&amp#27;[31m2 failed&amp#27;[0m, &amp#27;[32m8 passed&amp#27;[0m)
114 Steps (&amp#27;[31m2 failed&amp#27;[0m, &amp#27;[36m23 skipped&amp#27;[0m, &amp#27;[32m89 passed&amp#27;[0m)
7m20.357s

org.openqa.selenium.TimeoutException: timeout: Timed out receiving message from renderer: -0.009
  (Session info: chrome=80.0.3987.132)
Build info: version: '3.141.59', revision: 'e82be7d358', time: '2018-11-14T08:17:03'
System info: host: 'Akylbeks-MacBook-Pro.local', ip: '192.168.1.131', os.name: 'Mac OS X', os.arch: 'x86_64', os.version: '10.15.1', java.version: '12.0.2'
Driver info: org.openqa.selenium.chrome.ChromeDriver
Capabilities {acceptInsecureCerts: false, browserName: chrome, browserVersion: 80.0.3987.132, chrome: {chromedriverVersion: 80.0.3987.106 (f68069574609..., userDataDir: /var/folders/_k/f35cd2b56zl...}, goog:chromeOptions: {debuggerAddress: localhost:61115}, javascriptEnabled: true, networkConnectionEnabled: false, pageLoadStrategy: normal, platform: MAC, platformName: MAC, proxy: Proxy(), setWindowRect: true, strictFileInteractability: false, timeouts: {implicit: 0, pageLoad: 300000, script: 30000}, unhandledPromptBehavior: dismiss and notify}
Session ID: f3859b0a53bd7d27d0622bfeb0653140
	at java.base/jdk.internal.reflect.NativeConstructorAccessorImpl.newInstance0(Native Method)
	at java.base/jdk.internal.reflect.NativeConstructorAccessorImpl.newInstance(NativeConstructorAccessorImpl.java:62)
	at java.base/jdk.internal.reflect.DelegatingConstructorAccessorImpl.newInstance(DelegatingConstructorAccessorImpl.java:45)
	at java.base/java.lang.reflect.Constructor.newInstanceWithCaller(Constructor.java:500)
	at java.base/java.lang.reflect.Constructor.newInstance(Constructor.java:481)
	at org.openqa.selenium.remote.http.W3CHttpResponseCodec.createException(W3CHttpResponseCodec.java:187)
	at org.openqa.selenium.remote.http.W3CHttpResponseCodec.decode(W3CHttpResponseCodec.java:122)
	at org.openqa.selenium.remote.http.W3CHttpResponseCodec.decode(W3CHttpResponseCodec.java:49)
	at org.openqa.selenium.remote.HttpCommandExecutor.execute(HttpCommandExecutor.java:158)
	at org.openqa.selenium.remote.service.DriverCommandExecutor.execute(DriverCommandExecutor.java:83)
	at org.openqa.selenium.remote.RemoteWebDriver.execute(RemoteWebDriver.java:552)
	at org.openqa.selenium.remote.RemoteWebDriver.get(RemoteWebDriver.java:277)
	at steps.smartbearSteps.OrderStepDefs.user_is_logged_into_SmartBear_Tester_account_and_on_Order_page(OrderStepDefs.java:27)
	at ✽.User is logged into SmartBear Tester account and on Order page(src/test/resources/features/SmartbearFeatures/orderProcess.feature:6)

org.openqa.selenium.NoSuchElementException: no such element: Unable to locate element: {"method":"xpath","selector":"//select[@id='ctl00_MainContent_fmwOrder_ddlProduct']"}
  (Session info: chrome=80.0.3987.132)
For documentation on this error, please visit: https://www.seleniumhq.org/exceptions/no_such_element.html
Build info: version: '3.141.59', revision: 'e82be7d358', time: '2018-11-14T08:17:03'
System info: host: 'Akylbeks-MacBook-Pro.local', ip: '192.168.1.131', os.name: 'Mac OS X', os.arch: 'x86_64', os.version: '10.15.1', java.version: '12.0.2'
Driver info: org.openqa.selenium.chrome.ChromeDriver
Capabilities {acceptInsecureCerts: false, browserName: chrome, browserVersion: 80.0.3987.132, chrome: {chromedriverVersion: 80.0.3987.106 (f68069574609..., userDataDir: /var/folders/_k/f35cd2b56zl...}, goog:chromeOptions: {debuggerAddress: localhost:61368}, javascriptEnabled: true, networkConnectionEnabled: false, pageLoadStrategy: normal, platform: MAC, platformName: MAC, proxy: Proxy(), setWindowRect: true, strictFileInteractability: false, timeouts: {implicit: 0, pageLoad: 300000, script: 30000}, unhandledPromptBehavior: dismiss and notify}
Session ID: 64992c3ad7dc8b72b27f6cd5c33aa2dc
*** Element info: {Using=xpath, value=//select[@id='ctl00_MainContent_fmwOrder_ddlProduct']}
	at java.base/jdk.internal.reflect.NativeConstructorAccessorImpl.newInstance0(Native Method)
	at java.base/jdk.internal.reflect.NativeConstructorAccessorImpl.newInstance(NativeConstructorAccessorImpl.java:62)
	at java.base/jdk.internal.reflect.DelegatingConstructorAccessorImpl.newInstance(DelegatingConstructorAccessorImpl.java:45)
	at java.base/java.lang.reflect.Constructor.newInstanceWithCaller(Constructor.java:500)
	at java.base/java.lang.reflect.Constructor.newInstance(Constructor.java:481)
	at org.openqa.selenium.remote.http.W3CHttpResponseCodec.createException(W3CHttpResponseCodec.java:187)
	at org.openqa.selenium.remote.http.W3CHttpResponseCodec.decode(W3CHttpResponseCodec.java:122)
	at org.openqa.selenium.remote.http.W3CHttpResponseCodec.decode(W3CHttpResponseCodec.java:49)
	at org.openqa.selenium.remote.HttpCommandExecutor.execute(HttpCommandExecutor.java:158)
	at org.openqa.selenium.remote.service.DriverCommandExecutor.execute(DriverCommandExecutor.java:83)
	at org.openqa.selenium.remote.RemoteWebDriver.execute(RemoteWebDriver.java:552)
	at org.openqa.selenium.remote.RemoteWebDriver.findElement(RemoteWebDriver.java:323)
	at org.openqa.selenium.remote.RemoteWebDriver.findElementByXPath(RemoteWebDriver.java:428)
	at org.openqa.selenium.By$ByXPath.findElement(By.java:353)
	at org.openqa.selenium.remote.RemoteWebDriver.findElement(RemoteWebDriver.java:315)
	at org.openqa.selenium.support.pagefactory.DefaultElementLocator.findElement(DefaultElementLocator.java:69)
	at org.openqa.selenium.support.pagefactory.internal.LocatingElementHandler.invoke(LocatingElementHandler.java:38)
	at com.sun.proxy.$Proxy32.getTagName(Unknown Source)
	at org.openqa.selenium.support.ui.Select.<init>(Select.java:45)
	at steps.smartbearSteps.OrderStepDefs.user_selects_from_product_dropdown(OrderStepDefs.java:38)
	at ✽.User selects "FamilyAlbum" from product dropdown(src/test/resources/features/SmartbearFeatures/orderProcess.feature:7)

[INFO ] 2020-03-07 14:02:02.191 [pool-1-thread-1] Log - scenario start point: SmartBear order process
]]></system-out>
    <system-err><![CDATA[SLF4J: Failed to load class "org.slf4j.impl.StaticLoggerBinder".
SLF4J: Defaulting to no-operation (NOP) logger implementation
SLF4J: See http://www.slf4j.org/codes.html#StaticLoggerBinder for further details.
Starting ChromeDriver 80.0.3987.106 (f68069574609230cf9b635cd784cfb1bf81bb53a-refs/branch-heads/3987@{#882}) on port 40913
Only local connections are allowed.
Please protect ports used by ChromeDriver and related test frameworks to prevent access by malicious code.
Mar 07, 2020 2:02:13 PM org.openqa.selenium.remote.ProtocolHandshake createSession
INFO: Detected dialect: W3C
[1583611634.296][SEVERE]: Timed out receiving message from renderer: 299.993
[1583611634.297][SEVERE]: Timed out receiving message from renderer: -0.001
[1583611634.305][SEVERE]: Timed out receiving message from renderer: -0.009
]]></system-err>
  </testcase>
  <testcase name="SmartBear order process" classname="Smartbear order placing feature" time="41.717">
    <error message="no such element: Unable to locate element: {&quot;method&quot;:&quot;xpath&quot;,&quot;selector&quot;:&quot;//select[@id=&apos;ctl00_MainContent_fmwOrder_ddlProduct&apos;]&quot;}&#10;  (Session info: chrome=80.0.3987.132)&#10;For documentation on this error, please visit: https://www.seleniumhq.org/exceptions/no_such_element.html&#10;Build info: version: &apos;3.141.59&apos;, revision: &apos;e82be7d358&apos;, time: &apos;2018-11-14T08:17:03&apos;&#10;System info: host: &apos;Akylbeks-MacBook-Pro.local&apos;, ip: &apos;192.168.1.131&apos;, os.name: &apos;Mac OS X&apos;, os.arch: &apos;x86_64&apos;, os.version: &apos;10.15.1&apos;, java.version: &apos;12.0.2&apos;&#10;Driver info: org.openqa.selenium.chrome.ChromeDriver&#10;Capabilities {acceptInsecureCerts: false, browserName: chrome, browserVersion: 80.0.3987.132, chrome: {chromedriverVersion: 80.0.3987.106 (f68069574609..., userDataDir: /var/folders/_k/f35cd2b56zl...}, goog:chromeOptions: {debuggerAddress: localhost:61368}, javascriptEnabled: true, networkConnectionEnabled: false, pageLoadStrategy: normal, platform: MAC, platformName: MAC, proxy: Proxy(), setWindowRect: true, strictFileInteractability: false, timeouts: {implicit: 0, pageLoad: 300000, script: 30000}, unhandledPromptBehavior: dismiss and notify}&#10;Session ID: 64992c3ad7dc8b72b27f6cd5c33aa2dc&#10;*** Element info: {Using=xpath, value=//select[@id=&apos;ctl00_MainContent_fmwOrder_ddlProduct&apos;]}" type="org.openqa.selenium.NoSuchElementException">org.openqa.selenium.NoSuchElementException: 
no such element: Unable to locate element: {"method":"xpath","selector":"//select[@id='ctl00_MainContent_fmwOrder_ddlProduct']"}
  (Session info: chrome=80.0.3987.132)
For documentation on this error, please visit: https://www.seleniumhq.org/exceptions/no_such_element.html
Build info: version: '3.141.59', revision: 'e82be7d358', time: '2018-11-14T08:17:03'
System info: host: 'Akylbeks-MacBook-Pro.local', ip: '192.168.1.131', os.name: 'Mac OS X', os.arch: 'x86_64', os.version: '10.15.1', java.version: '12.0.2'
Driver info: org.openqa.selenium.chrome.ChromeDriver
Capabilities {acceptInsecureCerts: false, browserName: chrome, browserVersion: 80.0.3987.132, chrome: {chromedriverVersion: 80.0.3987.106 (f68069574609..., userDataDir: /var/folders/_k/f35cd2b56zl...}, goog:chromeOptions: {debuggerAddress: localhost:61368}, javascriptEnabled: true, networkConnectionEnabled: false, pageLoadStrategy: normal, platform: MAC, platformName: MAC, proxy: Proxy(), setWindowRect: true, strictFileInteractability: false, timeouts: {implicit: 0, pageLoad: 300000, script: 30000}, unhandledPromptBehavior: dismiss and notify}
Session ID: 64992c3ad7dc8b72b27f6cd5c33aa2dc
*** Element info: {Using=xpath, value=//select[@id='ctl00_MainContent_fmwOrder_ddlProduct']}
</error>
    <system-out><![CDATA[[INFO ] 2020-03-07 14:07:15.246 [pool-1-thread-1] Log - scenario start point: SmartBear order process
]]></system-out>
    <system-err><![CDATA[Starting ChromeDriver 80.0.3987.106 (f68069574609230cf9b635cd784cfb1bf81bb53a-refs/branch-heads/3987@{#882}) on port 12025
Only local connections are allowed.
Please protect ports used by ChromeDriver and related test frameworks to prevent access by malicious code.
Mar 07, 2020 2:07:22 PM org.openqa.selenium.remote.ProtocolHandshake createSession
INFO: Detected dialect: W3C
[1583611645.427][SEVERE]: Timed out receiving message from renderer: 0.100
[1583611645.529][SEVERE]: Timed out receiving message from renderer: 0.100
[1583611645.631][SEVERE]: Timed out receiving message from renderer: 0.100
[1583611645.797][SEVERE]: Timed out receiving message from renderer: 0.100
[1583611645.901][SEVERE]: Timed out receiving message from renderer: 0.100
[1583611646.003][SEVERE]: Timed out receiving message from renderer: 0.100
[1583611646.105][SEVERE]: Timed out receiving message from renderer: 0.100
[1583611646.207][SEVERE]: Timed out receiving message from renderer: 0.100
[1583611646.309][SEVERE]: Timed out receiving message from renderer: 0.100
[1583611646.411][SEVERE]: Timed out receiving message from renderer: 0.100
[1583611646.513][SEVERE]: Timed out receiving message from renderer: 0.100
[1583611646.656][SEVERE]: Timed out receiving message from renderer: 0.100
[1583611646.758][SEVERE]: Timed out receiving message from renderer: 0.100
[1583611646.859][SEVERE]: Timed out receiving message from renderer: 0.100
[1583611646.961][SEVERE]: Timed out receiving message from renderer: 0.100
[1583611647.062][SEVERE]: Timed out receiving message from renderer: 0.100
[1583611647.163][SEVERE]: Timed out receiving message from renderer: 0.100
[1583611647.265][SEVERE]: Timed out receiving message from renderer: 0.100
[1583611647.366][SEVERE]: Timed out receiving message from renderer: 0.100
[1583611647.468][SEVERE]: Timed out receiving message from renderer: 0.100
[1583611647.570][SEVERE]: Timed out receiving message from renderer: 0.100
[1583611651.708][SEVERE]: Timed out receiving message from renderer: 0.100
[1583611651.811][SEVERE]: Timed out receiving message from renderer: 0.100
[1583611651.911][SEVERE]: Timed out receiving message from renderer: 0.100
[1583611652.013][SEVERE]: Timed out receiving message from renderer: 0.100
[1583611652.116][SEVERE]: Timed out receiving message from renderer: 0.100
[1583611652.217][SEVERE]: Timed out receiving message from renderer: 0.100
[1583611652.318][SEVERE]: Timed out receiving message from renderer: 0.100
[1583611652.420][SEVERE]: Timed out receiving message from renderer: 0.100
[1583611652.526][SEVERE]: Timed out receiving message from renderer: 0.100
[1583611652.627][SEVERE]: Timed out receiving message from renderer: 0.100
[1583611652.728][SEVERE]: Timed out receiving message from renderer: 0.100
[1583611652.829][SEVERE]: Timed out receiving message from renderer: 0.100
[1583611652.931][SEVERE]: Timed out receiving message from renderer: 0.100
[1583611653.032][SEVERE]: Timed out receiving message from renderer: 0.100
[1583611653.135][SEVERE]: Timed out receiving message from renderer: 0.100
[1583611653.237][SEVERE]: Timed out receiving message from renderer: 0.100
[1583611653.340][SEVERE]: Timed out receiving message from renderer: 0.100
[1583611653.442][SEVERE]: Timed out receiving message from renderer: 0.100
[1583611653.641][SEVERE]: Timed out receiving message from renderer: 0.100
[1583611653.744][SEVERE]: Timed out receiving message from renderer: 0.100
[1583611653.845][SEVERE]: Timed out receiving message from renderer: 0.100
[1583611653.947][SEVERE]: Timed out receiving message from renderer: 0.100
[1583611654.050][SEVERE]: Timed out receiving message from renderer: 0.100
[1583611654.153][SEVERE]: Timed out receiving message from renderer: 0.100
[1583611654.255][SEVERE]: Timed out receiving message from renderer: 0.100
[1583611654.358][SEVERE]: Timed out receiving message from renderer: 0.100
[1583611654.460][SEVERE]: Timed out receiving message from renderer: 0.100
[1583611654.563][SEVERE]: Timed out receiving message from renderer: 0.100
[1583611654.666][SEVERE]: Timed out receiving message from renderer: 0.100
[1583611654.771][SEVERE]: Timed out receiving message from renderer: 0.100
[1583611654.873][SEVERE]: Timed out receiving message from renderer: 0.100
[1583611654.974][SEVERE]: Timed out receiving message from renderer: 0.100
[1583611655.076][SEVERE]: Timed out receiving message from renderer: 0.100
[1583611655.178][SEVERE]: Timed out receiving message from renderer: 0.100
[1583611655.280][SEVERE]: Timed out receiving message from renderer: 0.100
[1583611655.382][SEVERE]: Timed out receiving message from renderer: 0.100
[1583611655.484][SEVERE]: Timed out receiving message from renderer: 0.100
[1583611655.590][SEVERE]: Timed out receiving message from renderer: 0.100
[1583611655.692][SEVERE]: Timed out receiving message from renderer: 0.100
[1583611655.794][SEVERE]: Timed out receiving message from renderer: 0.100
[1583611655.896][SEVERE]: Timed out receiving message from renderer: 0.100
[1583611655.998][SEVERE]: Timed out receiving message from renderer: 0.100
[1583611656.099][SEVERE]: Timed out receiving message from renderer: 0.100
[1583611656.202][SEVERE]: Timed out receiving message from renderer: 0.100
[1583611656.304][SEVERE]: Timed out receiving message from renderer: 0.100
[1583611656.406][SEVERE]: Timed out receiving message from renderer: 0.100
[1583611656.507][SEVERE]: Timed out receiving message from renderer: 0.100
[1583611656.608][SEVERE]: Timed out receiving message from renderer: 0.100
[1583611656.709][SEVERE]: Timed out receiving message from renderer: 0.100
[1583611656.812][SEVERE]: Timed out receiving message from renderer: 0.100
[1583611656.914][SEVERE]: Timed out receiving message from renderer: 0.100
[1583611657.017][SEVERE]: Timed out receiving message from renderer: 0.100
[1583611657.120][SEVERE]: Timed out receiving message from renderer: 0.100
[1583611657.222][SEVERE]: Timed out receiving message from renderer: 0.100
[1583611657.324][SEVERE]: Timed out receiving message from renderer: 0.100
[1583611657.427][SEVERE]: Timed out receiving message from renderer: 0.100
[1583611657.529][SEVERE]: Timed out receiving message from renderer: 0.100
[1583611657.631][SEVERE]: Timed out receiving message from renderer: 0.100
[1583611657.733][SEVERE]: Timed out receiving message from renderer: 0.100
[1583611657.836][SEVERE]: Timed out receiving message from renderer: 0.100
[1583611657.938][SEVERE]: Timed out receiving message from renderer: 0.100
[1583611658.040][SEVERE]: Timed out receiving message from renderer: 0.100
[1583611658.143][SEVERE]: Timed out receiving message from renderer: 0.100
[1583611658.245][SEVERE]: Timed out receiving message from renderer: 0.100
[1583611658.347][SEVERE]: Timed out receiving message from renderer: 0.100
[1583611658.449][SEVERE]: Timed out receiving message from renderer: 0.100
[1583611658.552][SEVERE]: Timed out receiving message from renderer: 0.100
[1583611658.655][SEVERE]: Timed out receiving message from renderer: 0.100
[1583611658.757][SEVERE]: Timed out receiving message from renderer: 0.100
[1583611658.861][SEVERE]: Timed out receiving message from renderer: 0.100
[1583611658.962][SEVERE]: Timed out receiving message from renderer: 0.100
[1583611659.064][SEVERE]: Timed out receiving message from renderer: 0.100
[1583611659.167][SEVERE]: Timed out receiving message from renderer: 0.100
[1583611659.269][SEVERE]: Timed out receiving message from renderer: 0.100
[1583611659.370][SEVERE]: Timed out receiving message from renderer: 0.100
[1583611659.474][SEVERE]: Timed out receiving message from renderer: 0.100
[1583611659.577][SEVERE]: Timed out receiving message from renderer: 0.100
[1583611659.679][SEVERE]: Timed out receiving message from renderer: 0.100
[1583611659.782][SEVERE]: Timed out receiving message from renderer: 0.100
[1583611659.884][SEVERE]: Timed out receiving message from renderer: 0.100
[1583611659.986][SEVERE]: Timed out receiving message from renderer: 0.100
[1583611660.089][SEVERE]: Timed out receiving message from renderer: 0.100
[1583611660.191][SEVERE]: Timed out receiving message from renderer: 0.100
[1583611660.293][SEVERE]: Timed out receiving message from renderer: 0.100
[1583611660.396][SEVERE]: Timed out receiving message from renderer: 0.100
]]></system-err>
  </testcase>
  <testcase name="SmartBear order process" classname="Smartbear order placing feature" time="11.194"/>
  <testcase name="SmartBear order process" classname="Smartbear order placing feature" time="11.585"/>
  <testcase name="SmartBear order process" classname="Smartbear order placing feature" time="8.859"/>
  <testcase name="SmartBear order process" classname="Smartbear order placing feature" time="26.994"/>
  <testcase name="SmartBear order process" classname="Smartbear order placing feature" time="6.49"/>
  <testcase name="SmartBear order process" classname="Smartbear order placing feature" time="10.505"/>
</testsuite>